The target system is: Linux -  - i486
The host system is: Linux - 3.5.0-26-generic - i686
Determining if files pthread.h exist passed with the following output:
Change Dir: /home/sami/cassiopee/worktree/lib_1/build-nao-toolchain/CMakeFiles/CMakeTmp

Run Build Command:/usr/bin/make "cmTryCompileExec/fast"
/usr/bin/make -f CMakeFiles/cmTryCompileExec.dir/build.make CMakeFiles/cmTryCompileExec.dir/build
make[1]: entrant dans le répertoire « /home/sami/cassiopee/worktree/lib_1/build-nao-toolchain/CMakeFiles/CMakeTmp »
/usr/bin/cmake -E cmake_progress_report /home/sami/cassiopee/worktree/lib_1/build-nao-toolchain/CMakeFiles/CMakeTmp/CMakeFiles 1
Building C object CMakeFiles/cmTryCompileExec.dir/CheckIncludeFiles.c.o
/home/sami/cassiopee/Nao/linux32-nao-geode-cross-toolchain-1.14.1/cross/bin/i686-aldebaran-linux-gnu-gcc   --sysroot /home/sami/cassiopee/Nao/linux32-nao-geode-cross-toolchain-1.14.1//sysroot/ -pipe -fomit-frame-pointer -fno-align-jumps -fno-align-functions -fno-align-labels -fno-align-loops -m32 -mtune=generic -DOE_CROSS_BUILD     -o CMakeFiles/cmTryCompileExec.dir/CheckIncludeFiles.c.o   -c /home/sami/cassiopee/worktree/lib_1/build-nao-toolchain/CMakeFiles/CMakeTmp/CheckIncludeFiles.c
Linking C executable cmTryCompileExec
/usr/bin/cmake -E cmake_link_script CMakeFiles/cmTryCompileExec.dir/link.txt --verbose=1
/home/sami/cassiopee/Nao/linux32-nao-geode-cross-toolchain-1.14.1/cross/bin/i686-aldebaran-linux-gnu-gcc    --sysroot /home/sami/cassiopee/Nao/linux32-nao-geode-cross-toolchain-1.14.1//sysroot/ -pipe -fomit-frame-pointer -fno-align-jumps -fno-align-functions -fno-align-labels -fno-align-loops -m32 -mtune=generic -DOE_CROSS_BUILD    -Wl,--sysroot,/home/sami/cassiopee/Nao/linux32-nao-geode-cross-toolchain-1.14.1//sysroot/ CMakeFiles/cmTryCompileExec.dir/CheckIncludeFiles.c.o  -o cmTryCompileExec -rdynamic 
make[1]: quittant le répertoire « /home/sami/cassiopee/worktree/lib_1/build-nao-toolchain/CMakeFiles/CMakeTmp »


Determining if the function pthread_create exists in the pthread passed with the following output:
Change Dir: /home/sami/cassiopee/worktree/lib_1/build-nao-toolchain/CMakeFiles/CMakeTmp

Run Build Command:/usr/bin/make "cmTryCompileExec/fast"
/usr/bin/make -f CMakeFiles/cmTryCompileExec.dir/build.make CMakeFiles/cmTryCompileExec.dir/build
make[1]: entrant dans le répertoire « /home/sami/cassiopee/worktree/lib_1/build-nao-toolchain/CMakeFiles/CMakeTmp »
/usr/bin/cmake -E cmake_progress_report /home/sami/cassiopee/worktree/lib_1/build-nao-toolchain/CMakeFiles/CMakeTmp/CMakeFiles 1
Building C object CMakeFiles/cmTryCompileExec.dir/CheckFunctionExists.c.o
/home/sami/cassiopee/Nao/linux32-nao-geode-cross-toolchain-1.14.1/cross/bin/i686-aldebaran-linux-gnu-gcc   --sysroot /home/sami/cassiopee/Nao/linux32-nao-geode-cross-toolchain-1.14.1//sysroot/ -pipe -fomit-frame-pointer -fno-align-jumps -fno-align-functions -fno-align-labels -fno-align-loops -m32 -mtune=generic -DOE_CROSS_BUILD  -DCHECK_FUNCTION_EXISTS=pthread_create   -o CMakeFiles/cmTryCompileExec.dir/CheckFunctionExists.c.o   -c /usr/share/cmake-2.8/Modules/CheckFunctionExists.c
Linking C executable cmTryCompileExec
/usr/bin/cmake -E cmake_link_script CMakeFiles/cmTryCompileExec.dir/link.txt --verbose=1
/home/sami/cassiopee/Nao/linux32-nao-geode-cross-toolchain-1.14.1/cross/bin/i686-aldebaran-linux-gnu-gcc    --sysroot /home/sami/cassiopee/Nao/linux32-nao-geode-cross-toolchain-1.14.1//sysroot/ -pipe -fomit-frame-pointer -fno-align-jumps -fno-align-functions -fno-align-labels -fno-align-loops -m32 -mtune=generic -DOE_CROSS_BUILD  -DCHECK_FUNCTION_EXISTS=pthread_create  -Wl,--sysroot,/home/sami/cassiopee/Nao/linux32-nao-geode-cross-toolchain-1.14.1//sysroot/ CMakeFiles/cmTryCompileExec.dir/CheckFunctionExists.c.o  -o cmTryCompileExec -rdynamic -lpthread 
make[1]: quittant le répertoire « /home/sami/cassiopee/worktree/lib_1/build-nao-toolchain/CMakeFiles/CMakeTmp »


